0 info it worked if it ends with ok
1 verbose cli [ 'C:\\Program Files\\nodejs\\node.exe',
1 verbose cli   'D:\\Projects\\Live Projects\\matthieu Projects\\heroku\\final\\one-menu-b2c\\node_modules\\npm\\bin\\npm-cli.js',
1 verbose cli   'run',
1 verbose cli   'start:server' ]
2 info using npm@2.15.12
3 info using node@v8.11.3
4 warn invalid config loglevel="notice"
5 verbose run-script [ 'prestart:server', 'start:server', 'poststart:server' ]
6 info prestart:server com.partnersuperconnect5media.onemenu@1.1.27
7 info start:server com.partnersuperconnect5media.onemenu@1.1.27
8 verbose unsafe-perm in lifecycle true
9 info com.partnersuperconnect5media.onemenu@1.1.27 Failed to exec start:server script
10 verbose stack Error: com.partnersuperconnect5media.onemenu@1.1.27 start:server: `serve -s build`
10 verbose stack Exit status 1
10 verbose stack     at EventEmitter.<anonymous> (D:\Projects\Live Projects\matthieu Projects\heroku\final\one-menu-b2c\node_modules\npm\lib\utils\lifecycle.js:217:16)
10 verbose stack     at emitTwo (events.js:126:13)
10 verbose stack     at EventEmitter.emit (events.js:214:7)
10 verbose stack     at ChildProcess.<anonymous> (D:\Projects\Live Projects\matthieu Projects\heroku\final\one-menu-b2c\node_modules\npm\lib\utils\spawn.js:24:14)
10 verbose stack     at emitTwo (events.js:126:13)
10 verbose stack     at ChildProcess.emit (events.js:214:7)
10 verbose stack     at maybeClose (internal/child_process.js:925:16)
10 verbose stack     at Process.ChildProcess._handle.onexit (internal/child_process.js:209:5)
11 verbose pkgid com.partnersuperconnect5media.onemenu@1.1.27
12 verbose cwd D:\Projects\Live Projects\matthieu Projects\heroku\final\one-menu-b2c
13 error Windows_NT 10.0.17134
14 error argv "C:\\Program Files\\nodejs\\node.exe" "D:\\Projects\\Live Projects\\matthieu Projects\\heroku\\final\\one-menu-b2c\\node_modules\\npm\\bin\\npm-cli.js" "run" "start:server"
15 error node v8.11.3
16 error npm  v2.15.12
17 error code ELIFECYCLE
18 error com.partnersuperconnect5media.onemenu@1.1.27 start:server: `serve -s build`
18 error Exit status 1
19 error Failed at the com.partnersuperconnect5media.onemenu@1.1.27 start:server script 'serve -s build'.
19 error This is most likely a problem with the com.partnersuperconnect5media.onemenu package,
19 error not with npm itself.
19 error Tell the author that this fails on your system:
19 error     serve -s build
19 error You can get information on how to open an issue for this project with:
19 error     npm bugs com.partnersuperconnect5media.onemenu
19 error Or if that isn't available, you can get their info via:
19 error
19 error     npm owner ls com.partnersuperconnect5media.onemenu
19 error There is likely additional logging output above.
20 verbose exit [ 1, true ]
